[2023-04-24 11:22:10] local.ERROR: Class "DOMDocument" not found {"exception":"[object] (Error(code: 0): Class \"DOMDocument\" not found at /home/jj/example-app/vendor/nunomaduro/termwind/src/HtmlRenderer.php:32)
[stacktrace]
#0 /home/jj/example-app/vendor/nunomaduro/termwind/src/HtmlRenderer.php(24): Termwind\\HtmlRenderer->parse()
#1 /home/jj/example-app/vendor/nunomaduro/termwind/src/Functions.php(41): Termwind\\HtmlRenderer->render()
#2 /home/jj/example-app/vendor/laravel/framework/src/Illuminate/Console/View/Components/Component.php(52): Termwind\\render()
#3 /home/jj/example-app/vendor/laravel/framework/src/Illuminate/Console/View/Components/Line.php(49): Illuminate\\Console\\View\\Components\\Component->renderView()
#4 /home/jj/example-app/vendor/laravel/framework/src/Illuminate/Console/View/Components/Info.php(18): Illuminate\\Console\\View\\Components\\Line->render()
#5 /home/jj/example-app/vendor/laravel/framework/src/Illuminate/Console/View/Components/Factory.php(58): Illuminate\\Console\\View\\Components\\Info->render()
#6 /home/jj/example-app/vendor/laravel/framework/src/Illuminate/Foundation/Console/ServeCommand.php(235): Illuminate\\Console\\View\\Components\\Factory->__call()
#7 /home/jj/example-app/vendor/laravel/framework/src/Illuminate/Collections/Traits/EnumeratesValues.php(235): Illuminate\\Foundation\\Console\\ServeCommand->Illuminate\\Foundation\\Console\\{closure}()
#8 /home/jj/example-app/vendor/laravel/framework/src/Illuminate/Foundation/Console/ServeCommand.php(285): Illuminate\\Support\\Collection->each()
#9 /home/jj/example-app/vendor/symfony/process/Process.php(1272): Illuminate\\Foundation\\Console\\ServeCommand->Illuminate\\Foundation\\Console\\{closure}()
#10 /home/jj/example-app/vendor/symfony/process/Process.php(1370): Symfony\\Component\\Process\\Process->Symfony\\Component\\Process\\{closure}()
#11 /home/jj/example-app/vendor/symfony/process/Process.php(1290): Symfony\\Component\\Process\\Process->readPipes()
#12 /home/jj/example-app/vendor/symfony/process/Process.php(838): Symfony\\Component\\Process\\Process->updateStatus()
#13 /home/jj/example-app/vendor/laravel/framework/src/Illuminate/Foundation/Console/ServeCommand.php(91): Symfony\\Component\\Process\\Process->isRunning()
#14 /home/jj/example-app/vendor/laravel/framework/src/Illuminate/Container/BoundMethod.php(36): Illuminate\\Foundation\\Console\\ServeCommand->handle()
#15 /home/jj/example-app/vendor/laravel/framework/src/Illuminate/Container/Util.php(41): Illuminate\\Container\\BoundMethod::Illuminate\\Container\\{closure}()
#16 /home/jj/example-app/vendor/laravel/framework/src/Illuminate/Container/BoundMethod.php(93): Illuminate\\Container\\Util::unwrapIfClosure()
#17 /home/jj/example-app/vendor/laravel/framework/src/Illuminate/Container/BoundMethod.php(37): Illuminate\\Container\\BoundMethod::callBoundMethod()
#18 /home/jj/example-app/vendor/laravel/framework/src/Illuminate/Container/Container.php(662): Illuminate\\Container\\BoundMethod::call()
#19 /home/jj/example-app/vendor/laravel/framework/src/Illuminate/Console/Command.php(194): Illuminate\\Container\\Container->call()
#20 /home/jj/example-app/vendor/symfony/console/Command/Command.php(312): Illuminate\\Console\\Command->execute()
#21 /home/jj/example-app/vendor/laravel/framework/src/Illuminate/Console/Command.php(164): Symfony\\Component\\Console\\Command\\Command->run()
#22 /home/jj/example-app/vendor/symfony/console/Application.php(1040): Illuminate\\Console\\Command->run()
#23 /home/jj/example-app/vendor/symfony/console/Application.php(314): Symfony\\Component\\Console\\Application->doRunCommand()
#24 /home/jj/example-app/vendor/symfony/console/Application.php(168): Symfony\\Component\\Console\\Application->doRun()
#25 /home/jj/example-app/vendor/laravel/framework/src/Illuminate/Foundation/Console/Kernel.php(200): Symfony\\Component\\Console\\Application->run()
#26 /home/jj/example-app/artisan(37): Illuminate\\Foundation\\Console\\Kernel->handle()
#27 {main}
"} 
[2023-04-24 11:22:41] local.ERROR: Class "DOMDocument" not found {"exception":"[object] (Error(code: 0): Class \"DOMDocument\" not found at /home/jj/example-app/vendor/nunomaduro/termwind/src/HtmlRenderer.php:32)
[stacktrace]
#0 /home/jj/example-app/vendor/nunomaduro/termwind/src/HtmlRenderer.php(24): Termwind\\HtmlRenderer->parse()
#1 /home/jj/example-app/vendor/nunomaduro/termwind/src/Functions.php(41): Termwind\\HtmlRenderer->render()
#2 /home/jj/example-app/vendor/laravel/framework/src/Illuminate/Console/View/Components/Component.php(52): Termwind\\render()
#3 /home/jj/example-app/vendor/laravel/framework/src/Illuminate/Console/View/Components/Line.php(49): Illuminate\\Console\\View\\Components\\Component->renderView()
#4 /home/jj/example-app/vendor/laravel/framework/src/Illuminate/Console/View/Components/Info.php(18): Illuminate\\Console\\View\\Components\\Line->render()
#5 /home/jj/example-app/vendor/laravel/framework/src/Illuminate/Console/View/Components/Factory.php(58): Illuminate\\Console\\View\\Components\\Info->render()
#6 /home/jj/example-app/vendor/laravel/framework/src/Illuminate/Foundation/Console/ServeCommand.php(235): Illuminate\\Console\\View\\Components\\Factory->__call()
#7 /home/jj/example-app/vendor/laravel/framework/src/Illuminate/Collections/Traits/EnumeratesValues.php(235): Illuminate\\Foundation\\Console\\ServeCommand->Illuminate\\Foundation\\Console\\{closure}()
#8 /home/jj/example-app/vendor/laravel/framework/src/Illuminate/Foundation/Console/ServeCommand.php(285): Illuminate\\Support\\Collection->each()
#9 /home/jj/example-app/vendor/symfony/process/Process.php(1272): Illuminate\\Foundation\\Console\\ServeCommand->Illuminate\\Foundation\\Console\\{closure}()
#10 /home/jj/example-app/vendor/symfony/process/Process.php(1370): Symfony\\Component\\Process\\Process->Symfony\\Component\\Process\\{closure}()
#11 /home/jj/example-app/vendor/symfony/process/Process.php(1290): Symfony\\Component\\Process\\Process->readPipes()
#12 /home/jj/example-app/vendor/symfony/process/Process.php(838): Symfony\\Component\\Process\\Process->updateStatus()
#13 /home/jj/example-app/vendor/laravel/framework/src/Illuminate/Foundation/Console/ServeCommand.php(91): Symfony\\Component\\Process\\Process->isRunning()
#14 /home/jj/example-app/vendor/laravel/framework/src/Illuminate/Container/BoundMethod.php(36): Illuminate\\Foundation\\Console\\ServeCommand->handle()
#15 /home/jj/example-app/vendor/laravel/framework/src/Illuminate/Container/Util.php(41): Illuminate\\Container\\BoundMethod::Illuminate\\Container\\{closure}()
#16 /home/jj/example-app/vendor/laravel/framework/src/Illuminate/Container/BoundMethod.php(93): Illuminate\\Container\\Util::unwrapIfClosure()
#17 /home/jj/example-app/vendor/laravel/framework/src/Illuminate/Container/BoundMethod.php(37): Illuminate\\Container\\BoundMethod::callBoundMethod()
#18 /home/jj/example-app/vendor/laravel/framework/src/Illuminate/Container/Container.php(662): Illuminate\\Container\\BoundMethod::call()
#19 /home/jj/example-app/vendor/laravel/framework/src/Illuminate/Console/Command.php(194): Illuminate\\Container\\Container->call()
#20 /home/jj/example-app/vendor/symfony/console/Command/Command.php(312): Illuminate\\Console\\Command->execute()
#21 /home/jj/example-app/vendor/laravel/framework/src/Illuminate/Console/Command.php(164): Symfony\\Component\\Console\\Command\\Command->run()
#22 /home/jj/example-app/vendor/symfony/console/Application.php(1040): Illuminate\\Console\\Command->run()
#23 /home/jj/example-app/vendor/symfony/console/Application.php(314): Symfony\\Component\\Console\\Application->doRunCommand()
#24 /home/jj/example-app/vendor/symfony/console/Application.php(168): Symfony\\Component\\Console\\Application->doRun()
#25 /home/jj/example-app/vendor/laravel/framework/src/Illuminate/Foundation/Console/Kernel.php(200): Symfony\\Component\\Console\\Application->run()
#26 /home/jj/example-app/artisan(37): Illuminate\\Foundation\\Console\\Kernel->handle()
#27 {main}
"} 
[2023-04-24 11:22:55] local.ERROR: Class "DOMDocument" not found {"exception":"[object] (Error(code: 0): Class \"DOMDocument\" not found at /home/jj/example-app/vendor/nunomaduro/termwind/src/HtmlRenderer.php:32)
[stacktrace]
#0 /home/jj/example-app/vendor/nunomaduro/termwind/src/HtmlRenderer.php(24): Termwind\\HtmlRenderer->parse()
#1 /home/jj/example-app/vendor/nunomaduro/termwind/src/Functions.php(41): Termwind\\HtmlRenderer->render()
#2 /home/jj/example-app/vendor/laravel/framework/src/Illuminate/Console/View/Components/Component.php(52): Termwind\\render()
#3 /home/jj/example-app/vendor/laravel/framework/src/Illuminate/Console/View/Components/Line.php(49): Illuminate\\Console\\View\\Components\\Component->renderView()
#4 /home/jj/example-app/vendor/laravel/framework/src/Illuminate/Console/View/Components/Info.php(18): Illuminate\\Console\\View\\Components\\Line->render()
#5 /home/jj/example-app/vendor/laravel/framework/src/Illuminate/Console/View/Components/Factory.php(58): Illuminate\\Console\\View\\Components\\Info->render()
#6 /home/jj/example-app/vendor/laravel/framework/src/Illuminate/Foundation/Console/ServeCommand.php(235): Illuminate\\Console\\View\\Components\\Factory->__call()
#7 /home/jj/example-app/vendor/laravel/framework/src/Illuminate/Collections/Traits/EnumeratesValues.php(235): Illuminate\\Foundation\\Console\\ServeCommand->Illuminate\\Foundation\\Console\\{closure}()
#8 /home/jj/example-app/vendor/laravel/framework/src/Illuminate/Foundation/Console/ServeCommand.php(285): Illuminate\\Support\\Collection->each()
#9 /home/jj/example-app/vendor/symfony/process/Process.php(1272): Illuminate\\Foundation\\Console\\ServeCommand->Illuminate\\Foundation\\Console\\{closure}()
#10 /home/jj/example-app/vendor/symfony/process/Process.php(1370): Symfony\\Component\\Process\\Process->Symfony\\Component\\Process\\{closure}()
#11 /home/jj/example-app/vendor/symfony/process/Process.php(1290): Symfony\\Component\\Process\\Process->readPipes()
#12 /home/jj/example-app/vendor/symfony/process/Process.php(838): Symfony\\Component\\Process\\Process->updateStatus()
#13 /home/jj/example-app/vendor/laravel/framework/src/Illuminate/Foundation/Console/ServeCommand.php(91): Symfony\\Component\\Process\\Process->isRunning()
#14 /home/jj/example-app/vendor/laravel/framework/src/Illuminate/Container/BoundMethod.php(36): Illuminate\\Foundation\\Console\\ServeCommand->handle()
#15 /home/jj/example-app/vendor/laravel/framework/src/Illuminate/Container/Util.php(41): Illuminate\\Container\\BoundMethod::Illuminate\\Container\\{closure}()
#16 /home/jj/example-app/vendor/laravel/framework/src/Illuminate/Container/BoundMethod.php(93): Illuminate\\Container\\Util::unwrapIfClosure()
#17 /home/jj/example-app/vendor/laravel/framework/src/Illuminate/Container/BoundMethod.php(37): Illuminate\\Container\\BoundMethod::callBoundMethod()
#18 /home/jj/example-app/vendor/laravel/framework/src/Illuminate/Container/Container.php(662): Illuminate\\Container\\BoundMethod::call()
#19 /home/jj/example-app/vendor/laravel/framework/src/Illuminate/Console/Command.php(194): Illuminate\\Container\\Container->call()
#20 /home/jj/example-app/vendor/symfony/console/Command/Command.php(312): Illuminate\\Console\\Command->execute()
#21 /home/jj/example-app/vendor/laravel/framework/src/Illuminate/Console/Command.php(164): Symfony\\Component\\Console\\Command\\Command->run()
#22 /home/jj/example-app/vendor/symfony/console/Application.php(1040): Illuminate\\Console\\Command->run()
#23 /home/jj/example-app/vendor/symfony/console/Application.php(314): Symfony\\Component\\Console\\Application->doRunCommand()
#24 /home/jj/example-app/vendor/symfony/console/Application.php(168): Symfony\\Component\\Console\\Application->doRun()
#25 /home/jj/example-app/vendor/laravel/framework/src/Illuminate/Foundation/Console/Kernel.php(200): Symfony\\Component\\Console\\Application->run()
#26 /home/jj/example-app/artisan(37): Illuminate\\Foundation\\Console\\Kernel->handle()
#27 {main}
"} 
[2023-04-24 11:23:04] local.ERROR: Class "DOMDocument" not found {"exception":"[object] (Error(code: 0): Class \"DOMDocument\" not found at /home/jj/example-app/vendor/nunomaduro/termwind/src/HtmlRenderer.php:32)
[stacktrace]
#0 /home/jj/example-app/vendor/nunomaduro/termwind/src/HtmlRenderer.php(24): Termwind\\HtmlRenderer->parse()
#1 /home/jj/example-app/vendor/nunomaduro/termwind/src/Functions.php(41): Termwind\\HtmlRenderer->render()
#2 /home/jj/example-app/vendor/laravel/framework/src/Illuminate/Console/View/Components/Component.php(52): Termwind\\render()
#3 /home/jj/example-app/vendor/laravel/framework/src/Illuminate/Console/View/Components/Line.php(49): Illuminate\\Console\\View\\Components\\Component->renderView()
#4 /home/jj/example-app/vendor/laravel/framework/src/Illuminate/Console/View/Components/Info.php(18): Illuminate\\Console\\View\\Components\\Line->render()
#5 /home/jj/example-app/vendor/laravel/framework/src/Illuminate/Console/View/Components/Factory.php(58): Illuminate\\Console\\View\\Components\\Info->render()
#6 /home/jj/example-app/vendor/laravel/framework/src/Illuminate/Foundation/Console/ServeCommand.php(235): Illuminate\\Console\\View\\Components\\Factory->__call()
#7 /home/jj/example-app/vendor/laravel/framework/src/Illuminate/Collections/Traits/EnumeratesValues.php(235): Illuminate\\Foundation\\Console\\ServeCommand->Illuminate\\Foundation\\Console\\{closure}()
#8 /home/jj/example-app/vendor/laravel/framework/src/Illuminate/Foundation/Console/ServeCommand.php(285): Illuminate\\Support\\Collection->each()
#9 /home/jj/example-app/vendor/symfony/process/Process.php(1272): Illuminate\\Foundation\\Console\\ServeCommand->Illuminate\\Foundation\\Console\\{closure}()
#10 /home/jj/example-app/vendor/symfony/process/Process.php(1370): Symfony\\Component\\Process\\Process->Symfony\\Component\\Process\\{closure}()
#11 /home/jj/example-app/vendor/symfony/process/Process.php(1290): Symfony\\Component\\Process\\Process->readPipes()
#12 /home/jj/example-app/vendor/symfony/process/Process.php(838): Symfony\\Component\\Process\\Process->updateStatus()
#13 /home/jj/example-app/vendor/laravel/framework/src/Illuminate/Foundation/Console/ServeCommand.php(91): Symfony\\Component\\Process\\Process->isRunning()
#14 /home/jj/example-app/vendor/laravel/framework/src/Illuminate/Container/BoundMethod.php(36): Illuminate\\Foundation\\Console\\ServeCommand->handle()
#15 /home/jj/example-app/vendor/laravel/framework/src/Illuminate/Container/Util.php(41): Illuminate\\Container\\BoundMethod::Illuminate\\Container\\{closure}()
#16 /home/jj/example-app/vendor/laravel/framework/src/Illuminate/Container/BoundMethod.php(93): Illuminate\\Container\\Util::unwrapIfClosure()
#17 /home/jj/example-app/vendor/laravel/framework/src/Illuminate/Container/BoundMethod.php(37): Illuminate\\Container\\BoundMethod::callBoundMethod()
#18 /home/jj/example-app/vendor/laravel/framework/src/Illuminate/Container/Container.php(662): Illuminate\\Container\\BoundMethod::call()
#19 /home/jj/example-app/vendor/laravel/framework/src/Illuminate/Console/Command.php(194): Illuminate\\Container\\Container->call()
#20 /home/jj/example-app/vendor/symfony/console/Command/Command.php(312): Illuminate\\Console\\Command->execute()
#21 /home/jj/example-app/vendor/laravel/framework/src/Illuminate/Console/Command.php(164): Symfony\\Component\\Console\\Command\\Command->run()
#22 /home/jj/example-app/vendor/symfony/console/Application.php(1040): Illuminate\\Console\\Command->run()
#23 /home/jj/example-app/vendor/symfony/console/Application.php(314): Symfony\\Component\\Console\\Application->doRunCommand()
#24 /home/jj/example-app/vendor/symfony/console/Application.php(168): Symfony\\Component\\Console\\Application->doRun()
#25 /home/jj/example-app/vendor/laravel/framework/src/Illuminate/Foundation/Console/Kernel.php(200): Symfony\\Component\\Console\\Application->run()
#26 /home/jj/example-app/artisan(37): Illuminate\\Foundation\\Console\\Kernel->handle()
#27 {main}
"} 
[2023-04-24 11:23:07] local.ERROR: Class "DOMDocument" not found {"exception":"[object] (Error(code: 0): Class \"DOMDocument\" not found at /home/jj/example-app/vendor/nunomaduro/termwind/src/HtmlRenderer.php:32)
[stacktrace]
#0 /home/jj/example-app/vendor/nunomaduro/termwind/src/HtmlRenderer.php(24): Termwind\\HtmlRenderer->parse()
#1 /home/jj/example-app/vendor/nunomaduro/termwind/src/Functions.php(41): Termwind\\HtmlRenderer->render()
#2 /home/jj/example-app/vendor/laravel/framework/src/Illuminate/Console/View/Components/Component.php(52): Termwind\\render()
#3 /home/jj/example-app/vendor/laravel/framework/src/Illuminate/Console/View/Components/Line.php(49): Illuminate\\Console\\View\\Components\\Component->renderView()
#4 /home/jj/example-app/vendor/laravel/framework/src/Illuminate/Console/View/Components/Info.php(18): Illuminate\\Console\\View\\Components\\Line->render()
#5 /home/jj/example-app/vendor/laravel/framework/src/Illuminate/Console/View/Components/Factory.php(58): Illuminate\\Console\\View\\Components\\Info->render()
#6 /home/jj/example-app/vendor/laravel/framework/src/Illuminate/Foundation/Console/ServeCommand.php(235): Illuminate\\Console\\View\\Components\\Factory->__call()
#7 /home/jj/example-app/vendor/laravel/framework/src/Illuminate/Collections/Traits/EnumeratesValues.php(235): Illuminate\\Foundation\\Console\\ServeCommand->Illuminate\\Foundation\\Console\\{closure}()
#8 /home/jj/example-app/vendor/laravel/framework/src/Illuminate/Foundation/Console/ServeCommand.php(285): Illuminate\\Support\\Collection->each()
#9 /home/jj/example-app/vendor/symfony/process/Process.php(1272): Illuminate\\Foundation\\Console\\ServeCommand->Illuminate\\Foundation\\Console\\{closure}()
#10 /home/jj/example-app/vendor/symfony/process/Process.php(1370): Symfony\\Component\\Process\\Process->Symfony\\Component\\Process\\{closure}()
#11 /home/jj/example-app/vendor/symfony/process/Process.php(1290): Symfony\\Component\\Process\\Process->readPipes()
#12 /home/jj/example-app/vendor/symfony/process/Process.php(838): Symfony\\Component\\Process\\Process->updateStatus()
#13 /home/jj/example-app/vendor/laravel/framework/src/Illuminate/Foundation/Console/ServeCommand.php(91): Symfony\\Component\\Process\\Process->isRunning()
#14 /home/jj/example-app/vendor/laravel/framework/src/Illuminate/Container/BoundMethod.php(36): Illuminate\\Foundation\\Console\\ServeCommand->handle()
#15 /home/jj/example-app/vendor/laravel/framework/src/Illuminate/Container/Util.php(41): Illuminate\\Container\\BoundMethod::Illuminate\\Container\\{closure}()
#16 /home/jj/example-app/vendor/laravel/framework/src/Illuminate/Container/BoundMethod.php(93): Illuminate\\Container\\Util::unwrapIfClosure()
#17 /home/jj/example-app/vendor/laravel/framework/src/Illuminate/Container/BoundMethod.php(37): Illuminate\\Container\\BoundMethod::callBoundMethod()
#18 /home/jj/example-app/vendor/laravel/framework/src/Illuminate/Container/Container.php(662): Illuminate\\Container\\BoundMethod::call()
#19 /home/jj/example-app/vendor/laravel/framework/src/Illuminate/Console/Command.php(194): Illuminate\\Container\\Container->call()
#20 /home/jj/example-app/vendor/symfony/console/Command/Command.php(312): Illuminate\\Console\\Command->execute()
#21 /home/jj/example-app/vendor/laravel/framework/src/Illuminate/Console/Command.php(164): Symfony\\Component\\Console\\Command\\Command->run()
#22 /home/jj/example-app/vendor/symfony/console/Application.php(1040): Illuminate\\Console\\Command->run()
#23 /home/jj/example-app/vendor/symfony/console/Application.php(314): Symfony\\Component\\Console\\Application->doRunCommand()
#24 /home/jj/example-app/vendor/symfony/console/Application.php(168): Symfony\\Component\\Console\\Application->doRun()
#25 /home/jj/example-app/vendor/laravel/framework/src/Illuminate/Foundation/Console/Kernel.php(200): Symfony\\Component\\Console\\Application->run()
#26 /home/jj/example-app/artisan(37): Illuminate\\Foundation\\Console\\Kernel->handle()
#27 {main}
"} 
[2023-04-24 12:06:02] local.ERROR: Command "make:auth" is not defined.

Did you mean one of these?
    make:cast
    make:channel
    make:command
    make:component
    make:controller
    make:event
    make:exception
    make:factory
    make:job
    make:listener
    make:mail
    make:middleware
    make:migration
    make:model
    make:notification
    make:observer
    make:policy
    make:provider
    make:request
    make:resource
    make:rule
    make:scope
    make:seeder
    make:test {"exception":"[object] (Symfony\\Component\\Console\\Exception\\CommandNotFoundException(code: 0): Command \"make:auth\" is not defined.

Did you mean one of these?
    make:cast
    make:channel
    make:command
    make:component
    make:controller
    make:event
    make:exception
    make:factory
    make:job
    make:listener
    make:mail
    make:middleware
    make:migration
    make:model
    make:notification
    make:observer
    make:policy
    make:provider
    make:request
    make:resource
    make:rule
    make:scope
    make:seeder
    make:test at /home/jj/example-app/vendor/symfony/console/Application.php:702)
[stacktrace]
#0 /home/jj/example-app/vendor/symfony/console/Application.php(256): Symfony\\Component\\Console\\Application->find()
#1 /home/jj/example-app/vendor/symfony/console/Application.php(168): Symfony\\Component\\Console\\Application->doRun()
#2 /home/jj/example-app/vendor/laravel/framework/src/Illuminate/Foundation/Console/Kernel.php(200): Symfony\\Component\\Console\\Application->run()
#3 /home/jj/example-app/artisan(37): Illuminate\\Foundation\\Console\\Kernel->handle()
#4 {main}
"} 
[2023-04-24 12:16:16] local.ERROR: There are no commands defined in the "ui" namespace. {"exception":"[object] (Symfony\\Component\\Console\\Exception\\NamespaceNotFoundException(code: 0): There are no commands defined in the \"ui\" namespace. at /home/jj/example-app/vendor/symfony/console/Application.php:632)
[stacktrace]
#0 /home/jj/example-app/vendor/symfony/console/Application.php(683): Symfony\\Component\\Console\\Application->findNamespace()
#1 /home/jj/example-app/vendor/symfony/console/Application.php(256): Symfony\\Component\\Console\\Application->find()
#2 /home/jj/example-app/vendor/symfony/console/Application.php(168): Symfony\\Component\\Console\\Application->doRun()
#3 /home/jj/example-app/vendor/laravel/framework/src/Illuminate/Foundation/Console/Kernel.php(200): Symfony\\Component\\Console\\Application->run()
#4 /home/jj/example-app/artisan(37): Illuminate\\Foundation\\Console\\Kernel->handle()
#5 {main}
"} 
[2023-04-24 12:18:34] local.ERROR: There are no commands defined in the "ui" namespace. {"exception":"[object] (Symfony\\Component\\Console\\Exception\\NamespaceNotFoundException(code: 0): There are no commands defined in the \"ui\" namespace. at /home/jj/example-app/vendor/symfony/console/Application.php:632)
[stacktrace]
#0 /home/jj/example-app/vendor/symfony/console/Application.php(683): Symfony\\Component\\Console\\Application->findNamespace()
#1 /home/jj/example-app/vendor/symfony/console/Application.php(256): Symfony\\Component\\Console\\Application->find()
#2 /home/jj/example-app/vendor/symfony/console/Application.php(168): Symfony\\Component\\Console\\Application->doRun()
#3 /home/jj/example-app/vendor/laravel/framework/src/Illuminate/Foundation/Console/Kernel.php(200): Symfony\\Component\\Console\\Application->run()
#4 /home/jj/example-app/artisan(37): Illuminate\\Foundation\\Console\\Kernel->handle()
#5 {main}
"} 
[2023-04-24 12:19:10] local.ERROR: There are no commands defined in the "ui" namespace. {"exception":"[object] (Symfony\\Component\\Console\\Exception\\NamespaceNotFoundException(code: 0): There are no commands defined in the \"ui\" namespace. at /home/jj/example-app/vendor/symfony/console/Application.php:632)
[stacktrace]
#0 /home/jj/example-app/vendor/symfony/console/Application.php(683): Symfony\\Component\\Console\\Application->findNamespace()
#1 /home/jj/example-app/vendor/symfony/console/Application.php(256): Symfony\\Component\\Console\\Application->find()
#2 /home/jj/example-app/vendor/symfony/console/Application.php(168): Symfony\\Component\\Console\\Application->doRun()
#3 /home/jj/example-app/vendor/laravel/framework/src/Illuminate/Foundation/Console/Kernel.php(200): Symfony\\Component\\Console\\Application->run()
#4 /home/jj/example-app/artisan(37): Illuminate\\Foundation\\Console\\Kernel->handle()
#5 {main}
"} 
